Started GET "/api/scores" for 127.0.0.1 at 2022-10-16 21:33:29 +0900
  [1m[36mActiveRecord::SchemaMigration Pluck (22.9ms)[0m  [1m[34mSELECT "schema_migrations"."version" FROM "schema_migrations" ORDER BY "schema_migrations"."version" ASC[0m
Processing by ScoresController#index as */*
Started GET "/api/scores" for 127.0.0.1 at 2022-10-16 21:33:30 +0900
  [1m[36mScore Load (25.1ms)[0m  [1m[34mSELECT "scores".* FROM "scores"[0m
  ↳ app/controllers/scores_controller.rb:8:in `index'
Completed 200 OK in 357ms (Views: 0.4ms | ActiveRecord: 27.4ms | Allocations: 16495)


Processing by ScoresController#index as */*
  [1m[36mScore Load (0.3ms)[0m  [1m[34mSELECT "scores".* FROM "scores"[0m
  ↳ app/controllers/scores_controller.rb:8:in `index'
Completed 200 OK in 8ms (Views: 0.2ms | ActiveRecord: 0.3ms | Allocations: 5542)


Started POST "/api/scores" for 127.0.0.1 at 2022-10-16 21:33:32 +0900
Processing by ScoresController#create as JSON
  Parameters: {"name"=>"organized", "level"=>"Viridian Forest", "time"=>8770, "score"=>{"name"=>"organized", "time"=>8770, "level"=>"Viridian Forest"}}
  [1m[36mTRANSACTION (0.1ms)[0m  [1m[36mbegin transaction[0m
  ↳ app/controllers/scores_controller.rb:20:in `create'
  [1m[36mScore Create (62.8ms)[0m  [1m[32mINSERT INTO "scores" ("name", "time", "created_at", "updated_at", "level") VALUES (?, ?, ?, ?, ?)[0m  [["name", "organized"], ["time", 8770], ["created_at", "2022-10-16 12:33:32.835974"], ["updated_at", "2022-10-16 12:33:32.835974"], ["level", "Viridian Forest"]]
  ↳ app/controllers/scores_controller.rb:20:in `create'
  [1m[36mTRANSACTION (106.1ms)[0m  [1m[36mcommit transaction[0m
  ↳ app/controllers/scores_controller.rb:20:in `create'
Completed 201 Created in 204ms (Views: 1.3ms | ActiveRecord: 169.1ms | Allocations: 2897)


Started GET "/api/scores" for 127.0.0.1 at 2022-10-16 21:33:33 +0900
Processing by ScoresController#index as */*
  [1m[36mScore Load (0.6ms)[0m  [1m[34mSELECT "scores".* FROM "scores"[0m
  ↳ app/controllers/scores_controller.rb:8:in `index'
Completed 200 OK in 12ms (Views: 0.1ms | ActiveRecord: 0.6ms | Allocations: 5599)


Started GET "/api/scores" for 127.0.0.1 at 2022-10-16 21:33:33 +0900
Processing by ScoresController#index as */*
  [1m[36mScore Load (0.3ms)[0m  [1m[34mSELECT "scores".* FROM "scores"[0m
  ↳ app/controllers/scores_controller.rb:8:in `index'
Completed 200 OK in 17ms (Views: 0.2ms | ActiveRecord: 0.3ms | Allocations: 5567)


Started GET "/admin" for ::1 at 2022-10-18 13:06:14 +0900
  [1m[36mActiveRecord::SchemaMigration Pluck (1.5ms)[0m  [1m[34mSELECT "schema_migrations"."version" FROM "schema_migrations" ORDER BY "schema_migrations"."version" ASC[0m
Processing by Admin::DashboardController#index as HTML
Completed 401 Unauthorized in 54ms (ActiveRecord: 0.0ms | Allocations: 2834)


Started GET "/admin/login" for ::1 at 2022-10-18 13:06:15 +0900
Processing by ActiveAdmin::Devise::SessionsController#new as HTML
  Rendering layout /Users/FMV/.rbenv/versions/3.1.2/lib/ruby/gems/3.1.0/gems/activeadmin-2.13.1/app/views/layouts/active_admin_logged_out.html.erb
  Rendering /Users/FMV/.rbenv/versions/3.1.2/lib/ruby/gems/3.1.0/gems/activeadmin-2.13.1/app/views/active_admin/devise/sessions/new.html.erb within layouts/active_admin_logged_out
  Rendered /Users/FMV/.rbenv/versions/3.1.2/lib/ruby/gems/3.1.0/gems/activeadmin-2.13.1/app/views/active_admin/devise/shared/_links.erb (Duration: 3.1ms | Allocations: 726)
  Rendered /Users/FMV/.rbenv/versions/3.1.2/lib/ruby/gems/3.1.0/gems/activeadmin-2.13.1/app/views/active_admin/devise/sessions/new.html.erb within layouts/active_admin_logged_out (Duration: 282.4ms | Allocations: 9331)
  Rendered layout /Users/FMV/.rbenv/versions/3.1.2/lib/ruby/gems/3.1.0/gems/activeadmin-2.13.1/app/views/layouts/active_admin_logged_out.html.erb (Duration: 285.9ms | Allocations: 10487)
Completed 200 OK in 407ms (Views: 317.7ms | ActiveRecord: 1.7ms | Allocations: 19431)


Started GET "/favicon.ico" for ::1 at 2022-10-18 13:06:16 +0900
  
ActionController::RoutingError (No route matches [GET] "/favicon.ico"):
  
Started POST "/admin/login" for ::1 at 2022-10-18 13:06:19 +0900
Processing by ActiveAdmin::Devise::SessionsController#create as HTML
  Parameters: {"authenticity_token"=>"[FILTERED]", "admin_user"=>{"email"=>"admin@example.com", "password"=>"[FILTERED]", "remember_me"=>"1"}, "commit"=>"Login"}
  [1m[36mAdminUser Load (2.3ms)[0m  [1m[34mSELECT "admin_users".* FROM "admin_users" WHERE "admin_users"."email" = ? ORDER BY "admin_users"."id" ASC LIMIT ?[0m  [["email", "admin@example.com"], ["LIMIT", 1]]
Completed 401 Unauthorized in 60ms (ActiveRecord: 2.3ms | Allocations: 3005)


Processing by ActiveAdmin::Devise::SessionsController#new as HTML
  Parameters: {"authenticity_token"=>"[FILTERED]", "admin_user"=>{"email"=>"admin@example.com", "password"=>"[FILTERED]", "remember_me"=>"1"}, "commit"=>"Login"}
  Rendering layout /Users/FMV/.rbenv/versions/3.1.2/lib/ruby/gems/3.1.0/gems/activeadmin-2.13.1/app/views/layouts/active_admin_logged_out.html.erb
  Rendering /Users/FMV/.rbenv/versions/3.1.2/lib/ruby/gems/3.1.0/gems/activeadmin-2.13.1/app/views/active_admin/devise/sessions/new.html.erb within layouts/active_admin_logged_out
  Rendered /Users/FMV/.rbenv/versions/3.1.2/lib/ruby/gems/3.1.0/gems/activeadmin-2.13.1/app/views/active_admin/devise/shared/_links.erb (Duration: 0.8ms | Allocations: 99)
  Rendered /Users/FMV/.rbenv/versions/3.1.2/lib/ruby/gems/3.1.0/gems/activeadmin-2.13.1/app/views/active_admin/devise/sessions/new.html.erb within layouts/active_admin_logged_out (Duration: 8.6ms | Allocations: 3238)
  Rendered layout /Users/FMV/.rbenv/versions/3.1.2/lib/ruby/gems/3.1.0/gems/activeadmin-2.13.1/app/views/layouts/active_admin_logged_out.html.erb (Duration: 10.0ms | Allocations: 3719)
Completed 200 OK in 389ms (Views: 10.7ms | ActiveRecord: 0.0ms | Allocations: 5408)


Started GET "/admin/password/new" for ::1 at 2022-10-18 13:06:29 +0900
Processing by ActiveAdmin::Devise::PasswordsController#new as HTML
  Rendering layout /Users/FMV/.rbenv/versions/3.1.2/lib/ruby/gems/3.1.0/gems/activeadmin-2.13.1/app/views/layouts/active_admin_logged_out.html.erb
  Rendering /Users/FMV/.rbenv/versions/3.1.2/lib/ruby/gems/3.1.0/gems/activeadmin-2.13.1/app/views/active_admin/devise/passwords/new.html.erb within layouts/active_admin_logged_out
  Rendered /Users/FMV/.rbenv/versions/3.1.2/lib/ruby/gems/3.1.0/gems/activeadmin-2.13.1/app/views/active_admin/devise/shared/_error_messages.html.erb (Duration: 1.3ms | Allocations: 221)
  Rendered /Users/FMV/.rbenv/versions/3.1.2/lib/ruby/gems/3.1.0/gems/activeadmin-2.13.1/app/views/active_admin/devise/shared/_links.erb (Duration: 0.2ms | Allocations: 100)
  Rendered /Users/FMV/.rbenv/versions/3.1.2/lib/ruby/gems/3.1.0/gems/activeadmin-2.13.1/app/views/active_admin/devise/passwords/new.html.erb within layouts/active_admin_logged_out (Duration: 9.2ms | Allocations: 2628)
  Rendered layout /Users/FMV/.rbenv/versions/3.1.2/lib/ruby/gems/3.1.0/gems/activeadmin-2.13.1/app/views/layouts/active_admin_logged_out.html.erb (Duration: 10.5ms | Allocations: 3155)
Completed 200 OK in 14ms (Views: 12.7ms | ActiveRecord: 0.0ms | Allocations: 4236)


Started POST "/admin/login" for ::1 at 2022-10-18 13:08:56 +0900
  [1m[36mActiveRecord::SchemaMigration Pluck (1.8ms)[0m  [1m[34mSELECT "schema_migrations"."version" FROM "schema_migrations" ORDER BY "schema_migrations"."version" ASC[0m
Processing by ActiveAdmin::Devise::SessionsController#create as HTML
  Parameters: {"authenticity_token"=>"[FILTERED]", "admin_user"=>{"email"=>"admin@example.com", "password"=>"[FILTERED]", "remember_me"=>"1"}, "commit"=>"Login"}
  [1m[36mAdminUser Load (1.7ms)[0m  [1m[34mSELECT "admin_users".* FROM "admin_users" WHERE "admin_users"."email" = ? ORDER BY "admin_users"."id" ASC LIMIT ?[0m  [["email", "admin@example.com"], ["LIMIT", 1]]
Completed 401 Unauthorized in 28ms (ActiveRecord: 2.5ms | Allocations: 4984)


Processing by ActiveAdmin::Devise::SessionsController#new as HTML
  Parameters: {"authenticity_token"=>"[FILTERED]", "admin_user"=>{"email"=>"admin@example.com", "password"=>"[FILTERED]", "remember_me"=>"1"}, "commit"=>"Login"}
  Rendering layout /Users/FMV/.rbenv/versions/3.1.2/lib/ruby/gems/3.1.0/gems/activeadmin-2.13.1/app/views/layouts/active_admin_logged_out.html.erb
  Rendering /Users/FMV/.rbenv/versions/3.1.2/lib/ruby/gems/3.1.0/gems/activeadmin-2.13.1/app/views/active_admin/devise/sessions/new.html.erb within layouts/active_admin_logged_out
  Rendered /Users/FMV/.rbenv/versions/3.1.2/lib/ruby/gems/3.1.0/gems/activeadmin-2.13.1/app/views/active_admin/devise/shared/_links.erb (Duration: 4.7ms | Allocations: 1067)
  Rendered /Users/FMV/.rbenv/versions/3.1.2/lib/ruby/gems/3.1.0/gems/activeadmin-2.13.1/app/views/active_admin/devise/sessions/new.html.erb within layouts/active_admin_logged_out (Duration: 41.9ms | Allocations: 8089)
  Rendered layout /Users/FMV/.rbenv/versions/3.1.2/lib/ruby/gems/3.1.0/gems/activeadmin-2.13.1/app/views/layouts/active_admin_logged_out.html.erb (Duration: 45.5ms | Allocations: 9288)
Completed 200 OK in 405ms (Views: 65.4ms | ActiveRecord: 0.0ms | Allocations: 16231)


Started GET "/favicon.ico" for ::1 at 2022-10-18 13:08:57 +0900
  
ActionController::RoutingError (No route matches [GET] "/favicon.ico"):
  
Started GET "/api/scores" for 127.0.0.1 at 2022-10-18 13:11:38 +0900
  [1m[36mActiveRecord::SchemaMigration Pluck (1.7ms)[0m  [1m[34mSELECT "schema_migrations"."version" FROM "schema_migrations" ORDER BY "schema_migrations"."version" ASC[0m
Processing by ScoresController#index as */*
  [1m[36mScore Load (1.9ms)[0m  [1m[34mSELECT "scores".* FROM "scores"[0m
  ↳ app/controllers/scores_controller.rb:8:in `index'
Completed 200 OK in 54ms (Views: 0.3ms | ActiveRecord: 2.6ms | Allocations: 14266)


Started GET "/api/scores" for 127.0.0.1 at 2022-10-18 13:11:39 +0900
Processing by ScoresController#index as */*
  [1m[36mScore Load (0.5ms)[0m  [1m[34mSELECT "scores".* FROM "scores"[0m
  ↳ app/controllers/scores_controller.rb:8:in `index'
Completed 200 OK in 25ms (Views: 0.2ms | ActiveRecord: 0.5ms | Allocations: 5651)


